{"timestamp":"2025-07-15T20:07:55.157690","level":"info","event":"DAG bundles loaded: dags-folder","logger":"airflow.dag_processing.bundles.manager.DagBundlesManager"}
{"timestamp":"2025-07-15T20:07:55.158208","level":"info","event":"Filling up the DagBag from /opt/airflow/dags/spark_batch_job_dag.py","logger":"airflow.models.dagbag.DagBag"}
{"timestamp":"2025-07-15T20:07:55.170151","level":"info","event":"Tmp dir root location: /tmp","logger":"airflow.task.hooks.airflow.providers.standard.hooks.subprocess.SubprocessHook"}
{"timestamp":"2025-07-15T20:07:55.170712","level":"info","event":"Running command: ['/usr/bin/bash', '-c', 'spark-submit --jars /tmp/postgresql-42.7.3.jar /opt/airflow/scripts/spark_jop/batch_jop.py']","logger":"airflow.task.hooks.airflow.providers.standard.hooks.subprocess.SubprocessHook"}
{"timestamp":"2025-07-15T20:07:55.188939","level":"info","event":"Output:","logger":"airflow.task.hooks.airflow.providers.standard.hooks.subprocess.SubprocessHook"}
{"timestamp":"2025-07-15T20:07:55.444744","level":"info","event":"WARNING: Using incubator modules: jdk.incubator.vector","logger":"airflow.task.hooks.airflow.providers.standard.hooks.subprocess.SubprocessHook"}
{"timestamp":"2025-07-15T20:07:58.298802","level":"info","event":"25/07/15 20:07:58 WARN NativeCodeLoader: Unable to load native-hadoop library for your platform... using builtin-java classes where applicable","logger":"airflow.task.hooks.airflow.providers.standard.hooks.subprocess.SubprocessHook"}
{"timestamp":"2025-07-15T20:08:01.084016","level":"info","event":"Using Spark's default log4j profile: org/apache/spark/log4j2-defaults.properties","logger":"airflow.task.hooks.airflow.providers.standard.hooks.subprocess.SubprocessHook"}
{"timestamp":"2025-07-15T20:08:01.162556","level":"info","event":"25/07/15 20:08:01 INFO SparkContext: Running Spark version 4.0.0","logger":"airflow.task.hooks.airflow.providers.standard.hooks.subprocess.SubprocessHook"}
{"timestamp":"2025-07-15T20:08:01.165213","level":"info","event":"25/07/15 20:08:01 INFO SparkContext: OS info Linux, 6.11.0-29-generic, amd64","logger":"airflow.task.hooks.airflow.providers.standard.hooks.subprocess.SubprocessHook"}
{"timestamp":"2025-07-15T20:08:01.166763","level":"info","event":"25/07/15 20:08:01 INFO SparkContext: Java version 17.0.15","logger":"airflow.task.hooks.airflow.providers.standard.hooks.subprocess.SubprocessHook"}
{"timestamp":"2025-07-15T20:08:01.212025","level":"info","event":"25/07/15 20:08:01 INFO ResourceUtils: ==============================================================","logger":"airflow.task.hooks.airflow.providers.standard.hooks.subprocess.SubprocessHook"}
{"timestamp":"2025-07-15T20:08:01.212678","level":"info","event":"25/07/15 20:08:01 INFO ResourceUtils: No custom resources configured for spark.driver.","logger":"airflow.task.hooks.airflow.providers.standard.hooks.subprocess.SubprocessHook"}
{"timestamp":"2025-07-15T20:08:01.213749","level":"info","event":"25/07/15 20:08:01 INFO ResourceUtils: ==============================================================","logger":"airflow.task.hooks.airflow.providers.standard.hooks.subprocess.SubprocessHook"}
{"timestamp":"2025-07-15T20:08:01.214890","level":"info","event":"25/07/15 20:08:01 INFO SparkContext: Submitted application: Batch Job","logger":"airflow.task.hooks.airflow.providers.standard.hooks.subprocess.SubprocessHook"}
{"timestamp":"2025-07-15T20:08:01.255145","level":"info","event":"25/07/15 20:08:01 INFO ResourceProfile: Default ResourceProfile created, executor resources: Map(cores -> name: cores, amount: 1, script: , vendor: , memory -> name: memory, amount: 1024, script: , vendor: , offHeap -> name: offHeap, amount: 0, script: , vendor: ), task resources: Map(cpus -> name: cpus, amount: 1.0)","logger":"airflow.task.hooks.airflow.providers.standard.hooks.subprocess.SubprocessHook"}
{"timestamp":"2025-07-15T20:08:01.259525","level":"info","event":"25/07/15 20:08:01 INFO ResourceProfile: Limiting resource is cpu","logger":"airflow.task.hooks.airflow.providers.standard.hooks.subprocess.SubprocessHook"}
{"timestamp":"2025-07-15T20:08:01.261714","level":"info","event":"25/07/15 20:08:01 INFO ResourceProfileManager: Added ResourceProfile id: 0","logger":"airflow.task.hooks.airflow.providers.standard.hooks.subprocess.SubprocessHook"}
{"timestamp":"2025-07-15T20:08:01.341254","level":"info","event":"25/07/15 20:08:01 INFO SecurityManager: Changing view acls to: airflow","logger":"airflow.task.hooks.airflow.providers.standard.hooks.subprocess.SubprocessHook"}
{"timestamp":"2025-07-15T20:08:01.342222","level":"info","event":"25/07/15 20:08:01 INFO SecurityManager: Changing modify acls to: airflow","logger":"airflow.task.hooks.airflow.providers.standard.hooks.subprocess.SubprocessHook"}
{"timestamp":"2025-07-15T20:08:01.344817","level":"info","event":"25/07/15 20:08:01 INFO SecurityManager: Changing view acls groups to: airflow","logger":"airflow.task.hooks.airflow.providers.standard.hooks.subprocess.SubprocessHook"}
{"timestamp":"2025-07-15T20:08:01.345020","level":"info","event":"25/07/15 20:08:01 INFO SecurityManager: Changing modify acls groups to: airflow","logger":"airflow.task.hooks.airflow.providers.standard.hooks.subprocess.SubprocessHook"}
{"timestamp":"2025-07-15T20:08:01.348249","level":"info","event":"25/07/15 20:08:01 INFO SecurityManager: SecurityManager: authentication disabled; ui acls disabled; users with view permissions: airflow groups with view permissions: EMPTY; users with modify permissions: airflow; groups with modify permissions: EMPTY; RPC SSL disabled","logger":"airflow.task.hooks.airflow.providers.standard.hooks.subprocess.SubprocessHook"}
{"timestamp":"2025-07-15T20:08:02.134873","level":"info","event":"25/07/15 20:08:02 INFO Utils: Successfully started service 'sparkDriver' on port 41143.","logger":"airflow.task.hooks.airflow.providers.standard.hooks.subprocess.SubprocessHook"}
{"timestamp":"2025-07-15T20:08:02.622065","level":"info","event":"25/07/15 20:08:02 INFO SparkEnv: Registering MapOutputTracker","logger":"airflow.task.hooks.airflow.providers.standard.hooks.subprocess.SubprocessHook"}
{"timestamp":"2025-07-15T20:08:02.695535","level":"info","event":"25/07/15 20:08:02 INFO SparkEnv: Registering BlockManagerMaster","logger":"airflow.task.hooks.airflow.providers.standard.hooks.subprocess.SubprocessHook"}
{"timestamp":"2025-07-15T20:08:02.801645","level":"info","event":"25/07/15 20:08:02 INFO BlockManagerMasterEndpoint: Using org.apache.spark.storage.DefaultTopologyMapper for getting topology information","logger":"airflow.task.hooks.airflow.providers.standard.hooks.subprocess.SubprocessHook"}
{"timestamp":"2025-07-15T20:08:02.807049","level":"info","event":"25/07/15 20:08:02 INFO BlockManagerMasterEndpoint: BlockManagerMasterEndpoint up","logger":"airflow.task.hooks.airflow.providers.standard.hooks.subprocess.SubprocessHook"}
{"timestamp":"2025-07-15T20:08:02.824832","level":"info","event":"25/07/15 20:08:02 INFO SparkEnv: Registering BlockManagerMasterHeartbeat","logger":"airflow.task.hooks.airflow.providers.standard.hooks.subprocess.SubprocessHook"}
{"timestamp":"2025-07-15T20:08:02.898802","level":"info","event":"25/07/15 20:08:02 INFO DiskBlockManager: Created local directory at /tmp/blockmgr-7c42eff2-7d12-4a57-8adf-c8b62afd2099","logger":"airflow.task.hooks.airflow.providers.standard.hooks.subprocess.SubprocessHook"}
{"timestamp":"2025-07-15T20:08:03.039965","level":"info","event":"25/07/15 20:08:03 INFO SparkEnv: Registering OutputCommitCoordinator","logger":"airflow.task.hooks.airflow.providers.standard.hooks.subprocess.SubprocessHook"}
{"timestamp":"2025-07-15T20:08:03.648684","level":"info","event":"25/07/15 20:08:03 INFO JettyUtils: Start Jetty 0.0.0.0:4040 for SparkUI","logger":"airflow.task.hooks.airflow.providers.standard.hooks.subprocess.SubprocessHook"}
{"timestamp":"2025-07-15T20:08:04.153430","level":"info","event":"25/07/15 20:08:04 INFO Utils: Successfully started service 'SparkUI' on port 4040.","logger":"airflow.task.hooks.airflow.providers.standard.hooks.subprocess.SubprocessHook"}
{"timestamp":"2025-07-15T20:08:04.265476","level":"info","event":"25/07/15 20:08:04 INFO SparkContext: Added JAR file:///tmp/postgresql-42.7.3.jar at spark://ee98e9136741:41143/jars/postgresql-42.7.3.jar with timestamp 1752610081029","logger":"airflow.task.hooks.airflow.providers.standard.hooks.subprocess.SubprocessHook"}
{"timestamp":"2025-07-15T20:08:04.334019","level":"info","event":"25/07/15 20:08:04 INFO SecurityManager: Changing view acls to: airflow","logger":"airflow.task.hooks.airflow.providers.standard.hooks.subprocess.SubprocessHook"}
{"timestamp":"2025-07-15T20:08:04.341489","level":"info","event":"25/07/15 20:08:04 INFO SecurityManager: Changing modify acls to: airflow","logger":"airflow.task.hooks.airflow.providers.standard.hooks.subprocess.SubprocessHook"}
{"timestamp":"2025-07-15T20:08:04.347820","level":"info","event":"25/07/15 20:08:04 INFO SecurityManager: Changing view acls groups to: airflow","logger":"airflow.task.hooks.airflow.providers.standard.hooks.subprocess.SubprocessHook"}
{"timestamp":"2025-07-15T20:08:04.349117","level":"info","event":"25/07/15 20:08:04 INFO SecurityManager: Changing modify acls groups to: airflow","logger":"airflow.task.hooks.airflow.providers.standard.hooks.subprocess.SubprocessHook"}
{"timestamp":"2025-07-15T20:08:04.353456","level":"info","event":"25/07/15 20:08:04 INFO SecurityManager: SecurityManager: authentication disabled; ui acls disabled; users with view permissions: airflow groups with view permissions: EMPTY; users with modify permissions: airflow; groups with modify permissions: EMPTY; RPC SSL disabled","logger":"airflow.task.hooks.airflow.providers.standard.hooks.subprocess.SubprocessHook"}
{"timestamp":"2025-07-15T20:08:06.022382","level":"info","event":"25/07/15 20:08:06 INFO Executor: Starting executor ID driver on host ee98e9136741","logger":"airflow.task.hooks.airflow.providers.standard.hooks.subprocess.SubprocessHook"}
{"timestamp":"2025-07-15T20:08:06.024761","level":"info","event":"25/07/15 20:08:06 INFO Executor: OS info Linux, 6.11.0-29-generic, amd64","logger":"airflow.task.hooks.airflow.providers.standard.hooks.subprocess.SubprocessHook"}
{"timestamp":"2025-07-15T20:08:06.027727","level":"info","event":"25/07/15 20:08:06 INFO Executor: Java version 17.0.15","logger":"airflow.task.hooks.airflow.providers.standard.hooks.subprocess.SubprocessHook"}
{"timestamp":"2025-07-15T20:08:06.069794","level":"info","event":"25/07/15 20:08:06 INFO Executor: Starting executor with user classpath (userClassPathFirst = false): ''","logger":"airflow.task.hooks.airflow.providers.standard.hooks.subprocess.SubprocessHook"}
{"timestamp":"2025-07-15T20:08:06.075524","level":"info","event":"25/07/15 20:08:06 INFO Executor: Created or updated repl class loader org.apache.spark.util.MutableURLClassLoader@31a613d2 for default.","logger":"airflow.task.hooks.airflow.providers.standard.hooks.subprocess.SubprocessHook"}
{"timestamp":"2025-07-15T20:08:06.171680","level":"info","event":"25/07/15 20:08:06 INFO Executor: Fetching spark://ee98e9136741:41143/jars/postgresql-42.7.3.jar with timestamp 1752610081029","logger":"airflow.task.hooks.airflow.providers.standard.hooks.subprocess.SubprocessHook"}
{"timestamp":"2025-07-15T20:08:07.645569","level":"info","event":"25/07/15 20:08:07 INFO TransportClientFactory: Successfully created connection to ee98e9136741/172.19.0.11:41143 after 1277 ms (0 ms spent in bootstraps)","logger":"airflow.task.hooks.airflow.providers.standard.hooks.subprocess.SubprocessHook"}
{"timestamp":"2025-07-15T20:08:07.673641","level":"info","event":"25/07/15 20:08:07 INFO Utils: Fetching spark://ee98e9136741:41143/jars/postgresql-42.7.3.jar to /tmp/spark-ee35c9ff-25aa-487a-8c67-6e7cc3a24d32/userFiles-068b4a74-458a-4695-9e3d-5828d55a1f7f/fetchFileTemp18429909015652521447.tmp","logger":"airflow.task.hooks.airflow.providers.standard.hooks.subprocess.SubprocessHook"}
{"timestamp":"2025-07-15T20:08:08.715347","level":"info","event":"25/07/15 20:08:08 INFO Executor: Adding file:/tmp/spark-ee35c9ff-25aa-487a-8c67-6e7cc3a24d32/userFiles-068b4a74-458a-4695-9e3d-5828d55a1f7f/postgresql-42.7.3.jar to class loader default","logger":"airflow.task.hooks.airflow.providers.standard.hooks.subprocess.SubprocessHook"}
{"timestamp":"2025-07-15T20:08:08.765937","level":"info","event":"25/07/15 20:08:08 INFO Utils: Successfully started service 'org.apache.spark.network.netty.NettyBlockTransferService' on port 45177.","logger":"airflow.task.hooks.airflow.providers.standard.hooks.subprocess.SubprocessHook"}
{"timestamp":"2025-07-15T20:08:08.766237","level":"info","event":"25/07/15 20:08:08 INFO NettyBlockTransferService: Server created on ee98e9136741:45177","logger":"airflow.task.hooks.airflow.providers.standard.hooks.subprocess.SubprocessHook"}
{"timestamp":"2025-07-15T20:08:08.769501","level":"info","event":"25/07/15 20:08:08 INFO BlockManager: Using org.apache.spark.storage.RandomBlockReplicationPolicy for block replication policy","logger":"airflow.task.hooks.airflow.providers.standard.hooks.subprocess.SubprocessHook"}
{"timestamp":"2025-07-15T20:08:08.822780","level":"info","event":"25/07/15 20:08:08 INFO BlockManagerMaster: Registering BlockManager BlockManagerId(driver, ee98e9136741, 45177, None)","logger":"airflow.task.hooks.airflow.providers.standard.hooks.subprocess.SubprocessHook"}
{"timestamp":"2025-07-15T20:08:08.839994","level":"info","event":"25/07/15 20:08:08 INFO BlockManagerMasterEndpoint: Registering block manager ee98e9136741:45177 with 434.4 MiB RAM, BlockManagerId(driver, ee98e9136741, 45177, None)","logger":"airflow.task.hooks.airflow.providers.standard.hooks.subprocess.SubprocessHook"}
{"timestamp":"2025-07-15T20:08:08.847397","level":"info","event":"25/07/15 20:08:08 INFO BlockManagerMaster: Registered BlockManager BlockManagerId(driver, ee98e9136741, 45177, None)","logger":"airflow.task.hooks.airflow.providers.standard.hooks.subprocess.SubprocessHook"}
{"timestamp":"2025-07-15T20:08:08.852545","level":"info","event":"25/07/15 20:08:08 INFO BlockManager: Initialized BlockManager: BlockManagerId(driver, ee98e9136741, 45177, None)","logger":"airflow.task.hooks.airflow.providers.standard.hooks.subprocess.SubprocessHook"}
{"timestamp":"2025-07-15T20:08:13.959418","level":"info","event":"Reading all JSON files from HDFS path: hdfs://namenode:8020/event_data/*.json","logger":"airflow.task.hooks.airflow.providers.standard.hooks.subprocess.SubprocessHook"}
{"timestamp":"2025-07-15T20:08:13.978977","level":"info","event":"25/07/15 20:08:13 INFO SharedState: Setting hive.metastore.warehouse.dir ('null') to the value of spark.sql.warehouse.dir.","logger":"airflow.task.hooks.airflow.providers.standard.hooks.subprocess.SubprocessHook"}
{"timestamp":"2025-07-15T20:08:13.983834","level":"info","event":"25/07/15 20:08:13 INFO SharedState: Warehouse path is 'file:/tmp/airflowtmp_6_yb6bn/spark-warehouse'.","logger":"airflow.task.hooks.airflow.providers.standard.hooks.subprocess.SubprocessHook"}
{"timestamp":"2025-07-15T20:08:15.823859","level":"info","event":"25/07/15 20:08:15 WARN FileStreamSink: Assume no metadata directory. Error while looking for metadata directory in the path: hdfs://namenode:8020/event_data/*.json.","logger":"airflow.task.hooks.airflow.providers.standard.hooks.subprocess.SubprocessHook"}
{"timestamp":"2025-07-15T20:08:15.824061","level":"info","event":"java.io.FileNotFoundException: File does not exist: hdfs://namenode:8020/event_data/*.json","logger":"airflow.task.hooks.airflow.providers.standard.hooks.subprocess.SubprocessHook"}
{"timestamp":"2025-07-15T20:08:15.824192","level":"info","event":"\tat org.apache.hadoop.hdfs.DistributedFileSystem$29.doCall(DistributedFileSystem.java:1832)","logger":"airflow.task.hooks.airflow.providers.standard.hooks.subprocess.SubprocessHook"}
{"timestamp":"2025-07-15T20:08:15.824304","level":"info","event":"\tat org.apache.hadoop.hdfs.DistributedFileSystem$29.doCall(DistributedFileSystem.java:1825)","logger":"airflow.task.hooks.airflow.providers.standard.hooks.subprocess.SubprocessHook"}
{"timestamp":"2025-07-15T20:08:15.824409","level":"info","event":"\tat org.apache.hadoop.fs.FileSystemLinkResolver.resolve(FileSystemLinkResolver.java:81)","logger":"airflow.task.hooks.airflow.providers.standard.hooks.subprocess.SubprocessHook"}
{"timestamp":"2025-07-15T20:08:15.824517","level":"info","event":"\tat org.apache.hadoop.hdfs.DistributedFileSystem.getFileStatus(DistributedFileSystem.java:1840)","logger":"airflow.task.hooks.airflow.providers.standard.hooks.subprocess.SubprocessHook"}
{"timestamp":"2025-07-15T20:08:15.824651","level":"info","event":"\tat org.apache.spark.sql.execution.streaming.FileStreamSink$.hasMetadata(FileStreamSink.scala:56)","logger":"airflow.task.hooks.airflow.providers.standard.hooks.subprocess.SubprocessHook"}
{"timestamp":"2025-07-15T20:08:15.824765","level":"info","event":"\tat org.apache.spark.sql.execution.datasources.DataSource.resolveRelation(DataSource.scala:381)","logger":"airflow.task.hooks.airflow.providers.standard.hooks.subprocess.SubprocessHook"}
{"timestamp":"2025-07-15T20:08:15.824874","level":"info","event":"\tat org.apache.spark.sql.catalyst.analysis.ResolveDataSource.org$apache$spark$sql$catalyst$analysis$ResolveDataSource$$loadV1BatchSource(ResolveDataSource.scala:143)","logger":"airflow.task.hooks.airflow.providers.standard.hooks.subprocess.SubprocessHook"}
{"timestamp":"2025-07-15T20:08:15.824983","level":"info","event":"\tat org.apache.spark.sql.catalyst.analysis.ResolveDataSource$$anonfun$apply$1.$anonfun$applyOrElse$2(ResolveDataSource.scala:61)","logger":"airflow.task.hooks.airflow.providers.standard.hooks.subprocess.SubprocessHook"}
{"timestamp":"2025-07-15T20:08:15.825091","level":"info","event":"\tat scala.Option.getOrElse(Option.scala:201)","logger":"airflow.task.hooks.airflow.providers.standard.hooks.subprocess.SubprocessHook"}
{"timestamp":"2025-07-15T20:08:15.825202","level":"info","event":"\tat org.apache.spark.sql.catalyst.analysis.ResolveDataSource$$anonfun$apply$1.applyOrElse(ResolveDataSource.scala:61)","logger":"airflow.task.hooks.airflow.providers.standard.hooks.subprocess.SubprocessHook"}
{"timestamp":"2025-07-15T20:08:15.825312","level":"info","event":"\tat org.apache.spark.sql.catalyst.analysis.ResolveDataSource$$anonfun$apply$1.applyOrElse(ResolveDataSource.scala:45)","logger":"airflow.task.hooks.airflow.providers.standard.hooks.subprocess.SubprocessHook"}
{"timestamp":"2025-07-15T20:08:15.825421","level":"info","event":"\tat org.apache.spark.sql.catalyst.plans.logical.AnalysisHelper.$anonfun$resolveOperatorsUpWithPruning$3(AnalysisHelper.scala:139)","logger":"airflow.task.hooks.airflow.providers.standard.hooks.subprocess.SubprocessHook"}
{"timestamp":"2025-07-15T20:08:15.825529","level":"info","event":"\tat org.apache.spark.sql.catalyst.trees.CurrentOrigin$.withOrigin(origin.scala:86)","logger":"airflow.task.hooks.airflow.providers.standard.hooks.subprocess.SubprocessHook"}
{"timestamp":"2025-07-15T20:08:15.825656","level":"info","event":"\tat org.apache.spark.sql.catalyst.plans.logical.AnalysisHelper.$anonfun$resolveOperatorsUpWithPruning$1(AnalysisHelper.scala:139)","logger":"airflow.task.hooks.airflow.providers.standard.hooks.subprocess.SubprocessHook"}
{"timestamp":"2025-07-15T20:08:15.825774","level":"info","event":"\tat org.apache.spark.sql.catalyst.plans.logical.AnalysisHelper$.allowInvokingTransformsInAnalyzer(AnalysisHelper.scala:416)","logger":"airflow.task.hooks.airflow.providers.standard.hooks.subprocess.SubprocessHook"}
{"timestamp":"2025-07-15T20:08:15.825886","level":"info","event":"\tat org.apache.spark.sql.catalyst.plans.logical.AnalysisHelper.resolveOperatorsUpWithPruning(AnalysisHelper.scala:135)","logger":"airflow.task.hooks.airflow.providers.standard.hooks.subprocess.SubprocessHook"}
{"timestamp":"2025-07-15T20:08:15.825998","level":"info","event":"\tat org.apache.spark.sql.catalyst.plans.logical.AnalysisHelper.resolveOperatorsUpWithPruning$(AnalysisHelper.scala:131)","logger":"airflow.task.hooks.airflow.providers.standard.hooks.subprocess.SubprocessHook"}
{"timestamp":"2025-07-15T20:08:15.826109","level":"info","event":"\tat org.apache.spark.sql.catalyst.plans.logical.LogicalPlan.resolveOperatorsUpWithPruning(LogicalPlan.scala:37)","logger":"airflow.task.hooks.airflow.providers.standard.hooks.subprocess.SubprocessHook"}
{"timestamp":"2025-07-15T20:08:15.826224","level":"info","event":"\tat org.apache.spark.sql.catalyst.plans.logical.AnalysisHelper.resolveOperatorsUp(AnalysisHelper.scala:112)","logger":"airflow.task.hooks.airflow.providers.standard.hooks.subprocess.SubprocessHook"}
{"timestamp":"2025-07-15T20:08:15.826335","level":"info","event":"\tat org.apache.spark.sql.catalyst.plans.logical.AnalysisHelper.resolveOperatorsUp$(AnalysisHelper.scala:111)","logger":"airflow.task.hooks.airflow.providers.standard.hooks.subprocess.SubprocessHook"}
{"timestamp":"2025-07-15T20:08:15.826447","level":"info","event":"\tat org.apache.spark.sql.catalyst.plans.logical.LogicalPlan.resolveOperatorsUp(LogicalPlan.scala:37)","logger":"airflow.task.hooks.airflow.providers.standard.hooks.subprocess.SubprocessHook"}
{"timestamp":"2025-07-15T20:08:15.826558","level":"info","event":"\tat org.apache.spark.sql.catalyst.analysis.ResolveDataSource.apply(ResolveDataSource.scala:45)","logger":"airflow.task.hooks.airflow.providers.standard.hooks.subprocess.SubprocessHook"}
{"timestamp":"2025-07-15T20:08:15.826677","level":"info","event":"\tat org.apache.spark.sql.catalyst.analysis.ResolveDataSource.apply(ResolveDataSource.scala:43)","logger":"airflow.task.hooks.airflow.providers.standard.hooks.subprocess.SubprocessHook"}
{"timestamp":"2025-07-15T20:08:15.826790","level":"info","event":"\tat org.apache.spark.sql.catalyst.rules.RuleExecutor.$anonfun$execute$2(RuleExecutor.scala:242)","logger":"airflow.task.hooks.airflow.providers.standard.hooks.subprocess.SubprocessHook"}
{"timestamp":"2025-07-15T20:08:15.826903","level":"info","event":"\tat scala.collection.LinearSeqOps.foldLeft(LinearSeq.scala:183)","logger":"airflow.task.hooks.airflow.providers.standard.hooks.subprocess.SubprocessHook"}
{"timestamp":"2025-07-15T20:08:15.827013","level":"info","event":"\tat scala.collection.LinearSeqOps.foldLeft$(LinearSeq.scala:179)","logger":"airflow.task.hooks.airflow.providers.standard.hooks.subprocess.SubprocessHook"}
{"timestamp":"2025-07-15T20:08:15.827121","level":"info","event":"\tat scala.collection.immutable.List.foldLeft(List.scala:79)","logger":"airflow.task.hooks.airflow.providers.standard.hooks.subprocess.SubprocessHook"}
{"timestamp":"2025-07-15T20:08:15.827236","level":"info","event":"\tat org.apache.spark.sql.catalyst.rules.RuleExecutor.$anonfun$execute$1(RuleExecutor.scala:239)","logger":"airflow.task.hooks.airflow.providers.standard.hooks.subprocess.SubprocessHook"}
{"timestamp":"2025-07-15T20:08:15.827348","level":"info","event":"\tat org.apache.spark.sql.catalyst.rules.RuleExecutor.$anonfun$execute$1$adapted(RuleExecutor.scala:231)","logger":"airflow.task.hooks.airflow.providers.standard.hooks.subprocess.SubprocessHook"}
{"timestamp":"2025-07-15T20:08:15.827459","level":"info","event":"\tat scala.collection.immutable.List.foreach(List.scala:334)","logger":"airflow.task.hooks.airflow.providers.standard.hooks.subprocess.SubprocessHook"}
{"timestamp":"2025-07-15T20:08:15.827568","level":"info","event":"\tat org.apache.spark.sql.catalyst.rules.RuleExecutor.execute(RuleExecutor.scala:231)","logger":"airflow.task.hooks.airflow.providers.standard.hooks.subprocess.SubprocessHook"}
{"timestamp":"2025-07-15T20:08:15.827812","level":"info","event":"\tat org.apache.spark.sql.catalyst.analysis.Analyzer.org$apache$spark$sql$catalyst$analysis$Analyzer$$executeSameContext(Analyzer.scala:290)","logger":"airflow.task.hooks.airflow.providers.standard.hooks.subprocess.SubprocessHook"}
{"timestamp":"2025-07-15T20:08:15.827915","level":"info","event":"\tat org.apache.spark.sql.catalyst.analysis.Analyzer.$anonfun$execute$1(Analyzer.scala:286)","logger":"airflow.task.hooks.airflow.providers.standard.hooks.subprocess.SubprocessHook"}
{"timestamp":"2025-07-15T20:08:15.828044","level":"info","event":"\tat org.apache.spark.sql.catalyst.analysis.AnalysisContext$.withNewAnalysisContext(Analyzer.scala:234)","logger":"airflow.task.hooks.airflow.providers.standard.hooks.subprocess.SubprocessHook"}
{"timestamp":"2025-07-15T20:08:15.828149","level":"info","event":"\tat org.apache.spark.sql.catalyst.analysis.Analyzer.execute(Analyzer.scala:286)","logger":"airflow.task.hooks.airflow.providers.standard.hooks.subprocess.SubprocessHook"}
{"timestamp":"2025-07-15T20:08:15.828399","level":"info","event":"\tat org.apache.spark.sql.catalyst.analysis.Analyzer.execute(Analyzer.scala:249)","logger":"airflow.task.hooks.airflow.providers.standard.hooks.subprocess.SubprocessHook"}
{"timestamp":"2025-07-15T20:08:15.828805","level":"info","event":"\tat org.apache.spark.sql.catalyst.rules.RuleExecutor.$anonfun$executeAndTrack$1(RuleExecutor.scala:201)","logger":"airflow.task.hooks.airflow.providers.standard.hooks.subprocess.SubprocessHook"}
{"timestamp":"2025-07-15T20:08:15.828939","level":"info","event":"\tat org.apache.spark.sql.catalyst.QueryPlanningTracker$.withTracker(QueryPlanningTracker.scala:89)","logger":"airflow.task.hooks.airflow.providers.standard.hooks.subprocess.SubprocessHook"}
{"timestamp":"2025-07-15T20:08:15.829061","level":"info","event":"\tat org.apache.spark.sql.catalyst.rules.RuleExecutor.executeAndTrack(RuleExecutor.scala:201)","logger":"airflow.task.hooks.airflow.providers.standard.hooks.subprocess.SubprocessHook"}
{"timestamp":"2025-07-15T20:08:15.829164","level":"info","event":"\tat org.apache.spark.sql.catalyst.analysis.resolver.HybridAnalyzer.resolveInFixedPoint(HybridAnalyzer.scala:190)","logger":"airflow.task.hooks.airflow.providers.standard.hooks.subprocess.SubprocessHook"}
{"timestamp":"2025-07-15T20:08:15.829274","level":"info","event":"\tat org.apache.spark.sql.catalyst.analysis.resolver.HybridAnalyzer.$anonfun$apply$1(HybridAnalyzer.scala:76)","logger":"airflow.task.hooks.airflow.providers.standard.hooks.subprocess.SubprocessHook"}
{"timestamp":"2025-07-15T20:08:15.829380","level":"info","event":"\tat org.apache.spark.sql.catalyst.analysis.resolver.HybridAnalyzer.withTrackedAnalyzerBridgeState(HybridAnalyzer.scala:111)","logger":"airflow.task.hooks.airflow.providers.standard.hooks.subprocess.SubprocessHook"}
{"timestamp":"2025-07-15T20:08:15.829488","level":"info","event":"\tat org.apache.spark.sql.catalyst.analysis.resolver.HybridAnalyzer.apply(HybridAnalyzer.scala:71)","logger":"airflow.task.hooks.airflow.providers.standard.hooks.subprocess.SubprocessHook"}
{"timestamp":"2025-07-15T20:08:15.829610","level":"info","event":"\tat org.apache.spark.sql.catalyst.analysis.Analyzer.$anonfun$executeAndCheck$1(Analyzer.scala:280)","logger":"airflow.task.hooks.airflow.providers.standard.hooks.subprocess.SubprocessHook"}
{"timestamp":"2025-07-15T20:08:15.829710","level":"info","event":"\tat org.apache.spark.sql.catalyst.plans.logical.AnalysisHelper$.markInAnalyzer(AnalysisHelper.scala:423)","logger":"airflow.task.hooks.airflow.providers.standard.hooks.subprocess.SubprocessHook"}
{"timestamp":"2025-07-15T20:08:15.829801","level":"info","event":"\tat org.apache.spark.sql.catalyst.analysis.Analyzer.executeAndCheck(Analyzer.scala:280)","logger":"airflow.task.hooks.airflow.providers.standard.hooks.subprocess.SubprocessHook"}
{"timestamp":"2025-07-15T20:08:15.829904","level":"info","event":"\tat org.apache.spark.sql.execution.QueryExecution.$anonfun$lazyAnalyzed$2(QueryExecution.scala:110)","logger":"airflow.task.hooks.airflow.providers.standard.hooks.subprocess.SubprocessHook"}
{"timestamp":"2025-07-15T20:08:15.830001","level":"info","event":"\tat org.apache.spark.sql.catalyst.QueryPlanningTracker.measurePhase(QueryPlanningTracker.scala:148)","logger":"airflow.task.hooks.airflow.providers.standard.hooks.subprocess.SubprocessHook"}
{"timestamp":"2025-07-15T20:08:15.830113","level":"info","event":"\tat org.apache.spark.sql.execution.QueryExecution.$anonfun$executePhase$2(QueryExecution.scala:278)","logger":"airflow.task.hooks.airflow.providers.standard.hooks.subprocess.SubprocessHook"}
{"timestamp":"2025-07-15T20:08:15.830221","level":"info","event":"\tat org.apache.spark.sql.execution.QueryExecution$.withInternalError(QueryExecution.scala:654)","logger":"airflow.task.hooks.airflow.providers.standard.hooks.subprocess.SubprocessHook"}
{"timestamp":"2025-07-15T20:08:15.830336","level":"info","event":"\tat org.apache.spark.sql.execution.QueryExecution.$anonfun$executePhase$1(QueryExecution.scala:278)","logger":"airflow.task.hooks.airflow.providers.standard.hooks.subprocess.SubprocessHook"}
{"timestamp":"2025-07-15T20:08:15.830441","level":"info","event":"\tat org.apache.spark.sql.SparkSession.withActive(SparkSession.scala:804)","logger":"airflow.task.hooks.airflow.providers.standard.hooks.subprocess.SubprocessHook"}
{"timestamp":"2025-07-15T20:08:15.830540","level":"info","event":"\tat org.apache.spark.sql.execution.QueryExecution.executePhase(QueryExecution.scala:277)","logger":"airflow.task.hooks.airflow.providers.standard.hooks.subprocess.SubprocessHook"}
{"timestamp":"2025-07-15T20:08:15.830652","level":"info","event":"\tat org.apache.spark.sql.execution.QueryExecution.$anonfun$lazyAnalyzed$1(QueryExecution.scala:110)","logger":"airflow.task.hooks.airflow.providers.standard.hooks.subprocess.SubprocessHook"}
{"timestamp":"2025-07-15T20:08:15.830747","level":"info","event":"\tat scala.util.Try$.apply(Try.scala:217)","logger":"airflow.task.hooks.airflow.providers.standard.hooks.subprocess.SubprocessHook"}
{"timestamp":"2025-07-15T20:08:15.830833","level":"info","event":"\tat org.apache.spark.util.Utils$.doTryWithCallerStacktrace(Utils.scala:1378)","logger":"airflow.task.hooks.airflow.providers.standard.hooks.subprocess.SubprocessHook"}
{"timestamp":"2025-07-15T20:08:15.830929","level":"info","event":"\tat org.apache.spark.util.LazyTry.tryT$lzycompute(LazyTry.scala:46)","logger":"airflow.task.hooks.airflow.providers.standard.hooks.subprocess.SubprocessHook"}
{"timestamp":"2025-07-15T20:08:15.831028","level":"info","event":"\tat org.apache.spark.util.LazyTry.tryT(LazyTry.scala:46)","logger":"airflow.task.hooks.airflow.providers.standard.hooks.subprocess.SubprocessHook"}
{"timestamp":"2025-07-15T20:08:15.831135","level":"info","event":"\tat org.apache.spark.util.LazyTry.get(LazyTry.scala:58)","logger":"airflow.task.hooks.airflow.providers.standard.hooks.subprocess.SubprocessHook"}
{"timestamp":"2025-07-15T20:08:15.831240","level":"info","event":"\tat org.apache.spark.sql.execution.QueryExecution.analyzed(QueryExecution.scala:121)","logger":"airflow.task.hooks.airflow.providers.standard.hooks.subprocess.SubprocessHook"}
{"timestamp":"2025-07-15T20:08:15.831341","level":"info","event":"\tat org.apache.spark.sql.execution.QueryExecution.assertAnalyzed(QueryExecution.scala:80)","logger":"airflow.task.hooks.airflow.providers.standard.hooks.subprocess.SubprocessHook"}
{"timestamp":"2025-07-15T20:08:15.831435","level":"info","event":"\tat org.apache.spark.sql.classic.Dataset$.$anonfun$ofRows$1(Dataset.scala:115)","logger":"airflow.task.hooks.airflow.providers.standard.hooks.subprocess.SubprocessHook"}
{"timestamp":"2025-07-15T20:08:15.831530","level":"info","event":"\tat org.apache.spark.sql.SparkSession.withActive(SparkSession.scala:804)","logger":"airflow.task.hooks.airflow.providers.standard.hooks.subprocess.SubprocessHook"}
{"timestamp":"2025-07-15T20:08:15.831637","level":"info","event":"\tat org.apache.spark.sql.classic.Dataset$.ofRows(Dataset.scala:113)","logger":"airflow.task.hooks.airflow.providers.standard.hooks.subprocess.SubprocessHook"}
{"timestamp":"2025-07-15T20:08:15.831749","level":"info","event":"\tat org.apache.spark.sql.classic.DataFrameReader.load(DataFrameReader.scala:109)","logger":"airflow.task.hooks.airflow.providers.standard.hooks.subprocess.SubprocessHook"}
{"timestamp":"2025-07-15T20:08:15.831854","level":"info","event":"\tat org.apache.spark.sql.classic.DataFrameReader.load(DataFrameReader.scala:58)","logger":"airflow.task.hooks.airflow.providers.standard.hooks.subprocess.SubprocessHook"}
{"timestamp":"2025-07-15T20:08:15.831955","level":"info","event":"\tat org.apache.spark.sql.DataFrameReader.json(DataFrameReader.scala:296)","logger":"airflow.task.hooks.airflow.providers.standard.hooks.subprocess.SubprocessHook"}
{"timestamp":"2025-07-15T20:08:15.832057","level":"info","event":"\tat org.apache.spark.sql.classic.DataFrameReader.json(DataFrameReader.scala:150)","logger":"airflow.task.hooks.airflow.providers.standard.hooks.subprocess.SubprocessHook"}
{"timestamp":"2025-07-15T20:08:15.832167","level":"info","event":"\tat java.base/jdk.internal.reflect.NativeMethodAccessorImpl.invoke0(Native Method)","logger":"airflow.task.hooks.airflow.providers.standard.hooks.subprocess.SubprocessHook"}
{"timestamp":"2025-07-15T20:08:15.832275","level":"info","event":"\tat java.base/jdk.internal.reflect.NativeMethodAccessorImpl.invoke(NativeMethodAccessorImpl.java:77)","logger":"airflow.task.hooks.airflow.providers.standard.hooks.subprocess.SubprocessHook"}
{"timestamp":"2025-07-15T20:08:15.832397","level":"info","event":"\tat java.base/jdk.internal.reflect.DelegatingMethodAccessorImpl.invoke(DelegatingMethodAccessorImpl.java:43)","logger":"airflow.task.hooks.airflow.providers.standard.hooks.subprocess.SubprocessHook"}
{"timestamp":"2025-07-15T20:08:15.832507","level":"info","event":"\tat java.base/java.lang.reflect.Method.invoke(Method.java:569)","logger":"airflow.task.hooks.airflow.providers.standard.hooks.subprocess.SubprocessHook"}
{"timestamp":"2025-07-15T20:08:15.832629","level":"info","event":"\tat py4j.reflection.MethodInvoker.invoke(MethodInvoker.java:244)","logger":"airflow.task.hooks.airflow.providers.standard.hooks.subprocess.SubprocessHook"}
{"timestamp":"2025-07-15T20:08:15.832743","level":"info","event":"\tat py4j.reflection.ReflectionEngine.invoke(ReflectionEngine.java:374)","logger":"airflow.task.hooks.airflow.providers.standard.hooks.subprocess.SubprocessHook"}
{"timestamp":"2025-07-15T20:08:15.832856","level":"info","event":"\tat py4j.Gateway.invoke(Gateway.java:282)","logger":"airflow.task.hooks.airflow.providers.standard.hooks.subprocess.SubprocessHook"}
{"timestamp":"2025-07-15T20:08:15.832970","level":"info","event":"\tat py4j.commands.AbstractCommand.invokeMethod(AbstractCommand.java:132)","logger":"airflow.task.hooks.airflow.providers.standard.hooks.subprocess.SubprocessHook"}
{"timestamp":"2025-07-15T20:08:15.833084","level":"info","event":"\tat py4j.commands.CallCommand.execute(CallCommand.java:79)","logger":"airflow.task.hooks.airflow.providers.standard.hooks.subprocess.SubprocessHook"}
{"timestamp":"2025-07-15T20:08:15.833200","level":"info","event":"\tat py4j.ClientServerConnection.waitForCommands(ClientServerConnection.java:184)","logger":"airflow.task.hooks.airflow.providers.standard.hooks.subprocess.SubprocessHook"}
{"timestamp":"2025-07-15T20:08:15.833323","level":"info","event":"\tat py4j.ClientServerConnection.run(ClientServerConnection.java:108)","logger":"airflow.task.hooks.airflow.providers.standard.hooks.subprocess.SubprocessHook"}
{"timestamp":"2025-07-15T20:08:15.833445","level":"info","event":"\tat java.base/java.lang.Thread.run(Thread.java:840)","logger":"airflow.task.hooks.airflow.providers.standard.hooks.subprocess.SubprocessHook"}
{"timestamp":"2025-07-15T20:08:15.989050","level":"info","event":"Error reading files: [PATH_NOT_FOUND] Path does not exist: hdfs://namenode:8020/event_data/*.json. SQLSTATE: 42K03","logger":"airflow.task.hooks.airflow.providers.standard.hooks.subprocess.SubprocessHook"}
{"timestamp":"2025-07-15T20:08:15.993397","level":"info","event":"25/07/15 20:08:15 INFO SparkContext: SparkContext is stopping with exitCode 0 from stop at NativeMethodAccessorImpl.java:0.","logger":"airflow.task.hooks.airflow.providers.standard.hooks.subprocess.SubprocessHook"}
{"timestamp":"2025-07-15T20:08:16.009245","level":"info","event":"25/07/15 20:08:16 INFO SparkUI: Stopped Spark web UI at http://ee98e9136741:4040","logger":"airflow.task.hooks.airflow.providers.standard.hooks.subprocess.SubprocessHook"}
{"timestamp":"2025-07-15T20:08:16.023702","level":"info","event":"25/07/15 20:08:16 INFO MapOutputTrackerMasterEndpoint: MapOutputTrackerMasterEndpoint stopped!","logger":"airflow.task.hooks.airflow.providers.standard.hooks.subprocess.SubprocessHook"}
{"timestamp":"2025-07-15T20:08:16.042431","level":"info","event":"25/07/15 20:08:16 INFO MemoryStore: MemoryStore started with capacity 434.4 MiB","logger":"airflow.task.hooks.airflow.providers.standard.hooks.subprocess.SubprocessHook"}
{"timestamp":"2025-07-15T20:08:16.043135","level":"info","event":"25/07/15 20:08:16 INFO MemoryStore: MemoryStore cleared","logger":"airflow.task.hooks.airflow.providers.standard.hooks.subprocess.SubprocessHook"}
{"timestamp":"2025-07-15T20:08:16.043359","level":"info","event":"25/07/15 20:08:16 INFO BlockManager: BlockManager stopped","logger":"airflow.task.hooks.airflow.providers.standard.hooks.subprocess.SubprocessHook"}
{"timestamp":"2025-07-15T20:08:16.056569","level":"info","event":"25/07/15 20:08:16 INFO BlockManagerMaster: BlockManagerMaster stopped","logger":"airflow.task.hooks.airflow.providers.standard.hooks.subprocess.SubprocessHook"}
{"timestamp":"2025-07-15T20:08:16.058974","level":"info","event":"25/07/15 20:08:16 INFO OutputCommitCoordinator$OutputCommitCoordinatorEndpoint: OutputCommitCoordinator stopped!","logger":"airflow.task.hooks.airflow.providers.standard.hooks.subprocess.SubprocessHook"}
{"timestamp":"2025-07-15T20:08:16.071127","level":"info","event":"25/07/15 20:08:16 INFO SparkContext: Successfully stopped SparkContext","logger":"airflow.task.hooks.airflow.providers.standard.hooks.subprocess.SubprocessHook"}
{"timestamp":"2025-07-15T20:08:16.691745","level":"info","event":"25/07/15 20:08:16 INFO ShutdownHookManager: Shutdown hook called","logger":"airflow.task.hooks.airflow.providers.standard.hooks.subprocess.SubprocessHook"}
{"timestamp":"2025-07-15T20:08:16.692664","level":"info","event":"25/07/15 20:08:16 INFO ShutdownHookManager: Deleting directory /tmp/spark-ee35c9ff-25aa-487a-8c67-6e7cc3a24d32","logger":"airflow.task.hooks.airflow.providers.standard.hooks.subprocess.SubprocessHook"}
{"timestamp":"2025-07-15T20:08:16.696923","level":"info","event":"25/07/15 20:08:16 INFO ShutdownHookManager: Deleting directory /tmp/spark-ee35c9ff-25aa-487a-8c67-6e7cc3a24d32/pyspark-84971bec-a379-4d5a-b96f-d8982ed0224b","logger":"airflow.task.hooks.airflow.providers.standard.hooks.subprocess.SubprocessHook"}
{"timestamp":"2025-07-15T20:08:16.702772","level":"info","event":"25/07/15 20:08:16 INFO ShutdownHookManager: Deleting directory /tmp/spark-ebb3c5b8-b83e-497f-a796-0dfd1fd5a17a","logger":"airflow.task.hooks.airflow.providers.standard.hooks.subprocess.SubprocessHook"}
{"timestamp":"2025-07-15T20:08:16.708843","level":"info","event":"25/07/15 20:08:16 INFO ShutdownHookManager: Deleting directory /tmp/airflowtmp_6_yb6bn/artifacts/spark-d187ba4b-978a-4190-aa1f-96e7a1e8c4c8","logger":"airflow.task.hooks.airflow.providers.standard.hooks.subprocess.SubprocessHook"}
{"timestamp":"2025-07-15T20:08:17.037800","level":"info","event":"Command exited with return code 1","logger":"airflow.task.hooks.airflow.providers.standard.hooks.subprocess.SubprocessHook"}
{"timestamp":"2025-07-15T20:08:17.039003","level":"error","event":"Task failed with exception","logger":"task","error_detail":[{"exc_type":"AirflowException","exc_value":"Bash command failed. The command returned a non-zero exit code 1.","exc_notes":[],"syntax_error":null,"is_cause":false,"frames":[{"filename":"/home/airflow/.local/lib/python3.12/site-packages/airflow/sdk/execution_time/task_runner.py","lineno":825,"name":"run"},{"filename":"/home/airflow/.local/lib/python3.12/site-packages/airflow/sdk/execution_time/task_runner.py","lineno":1088,"name":"_execute_task"},{"filename":"/home/airflow/.local/lib/python3.12/site-packages/airflow/sdk/bases/operator.py","lineno":408,"name":"wrapper"},{"filename":"/home/airflow/.local/lib/python3.12/site-packages/airflow/providers/standard/operators/bash.py","lineno":233,"name":"execute"}]}]}
